<?xml version="1.0" encoding="UTF-8"?>
<!-- Generated by org.testng.reporters.JUnitReportReporter -->
<testsuite skipped="0" hostname="LAPTOP-KFNOH638" name="com.selenium.runner.MyTestngRunner" tests="5" failures="0" timestamp="2020-08-16T13:30:42 BST" time="92.202" errors="0">
  <testcase name="runScenario" time="20.661" classname="com.selenium.runner.MyTestngRunner"/>
  <testcase name="runScenario" time="16.443" classname="com.selenium.runner.MyTestngRunner"/>
  <testcase name="runScenario" time="14.081" classname="com.selenium.runner.MyTestngRunner"/>
  <testcase name="runScenario" time="20.214" classname="com.selenium.runner.MyTestngRunner"/>
  <testcase name="runScenario" time="20.803" classname="com.selenium.runner.MyTestngRunner"/>
</testsuite> <!-- com.selenium.runner.MyTestngRunner -->
